
> my-storybook-project@1.0.0 build-storybook
> storybook build --output-dir=C:\Users\jmj01\AppData\Local\Temp\chromatic--9964-cf7UOKDqy9rF

[1mstorybook v9.1.4
[22m
info => Cleaning outputDir: [36m..\AppData\Local\Temp\chromatic--9964-cf7UOKDqy9rF[39m
info => Loading presets
info => Building manager..
info => Building preview..
[36mvite v7.1.5 [32mbuilding for production...[36m[39m
transforming...
[32m✓[39m 108 modules transformed.
rendering chunks...
computing gzip size...
[2m../AppData/Local/Temp/chromatic--9964-cf7UOKDqy9rF/[22m[32massets/context-C0qIqeS4.png               [39m[1m[2m  6.12 kB[22m[1m[22m
[2m../AppData/Local/Temp/chromatic--9964-cf7UOKDqy9rF/[22m[32massets/styling-Bk6zjRzU.png               [39m[1m[2m  7.24 kB[22m[1m[22m
[2m../AppData/Local/Temp/chromatic--9964-cf7UOKDqy9rF/[22m[32miframe.html                               [39m[1m[2m 18.30 kB[22m[1m[22m[2m │ gzip:   5.12 kB[22m
[2m../AppData/Local/Temp/chromatic--9964-cf7UOKDqy9rF/[22m[32massets/docs---vsFbMi.png                  [39m[1m[2m 27.88 kB[22m[1m[22m
[2m../AppData/Local/Temp/chromatic--9964-cf7UOKDqy9rF/[22m[32massets/share-DGA-UcQf.png                 [39m[1m[2m 40.77 kB[22m[1m[22m
[2m../AppData/Local/Temp/chromatic--9964-cf7UOKDqy9rF/[22m[32massets/accessibility-W_h2acOZ.png         [39m[1m[2m 42.34 kB[22m[1m[22m
[2m../AppData/Local/Temp/chromatic--9964-cf7UOKDqy9rF/[22m[32massets/figma-plugin-CH2hELiO.png          [39m[1m[2m 44.25 kB[22m[1m[22m
[2m../AppData/Local/Temp/chromatic--9964-cf7UOKDqy9rF/[22m[32massets/theming-D6WJLNoW.png               [39m[1m[2m 44.37 kB[22m[1m[22m
[2m../AppData/Local/Temp/chromatic--9964-cf7UOKDqy9rF/[22m[32massets/testing-cbzR9l9r.png               [39m[1m[2m 49.31 kB[22m[1m[22m
[2m../AppData/Local/Temp/chromatic--9964-cf7UOKDqy9rF/[22m[32massets/addon-library-BWUCAmyN.png         [39m[1m[2m467.37 kB[22m[1m[22m
[2m../AppData/Local/Temp/chromatic--9964-cf7UOKDqy9rF/[22m[35massets/Header-Ck-SSN7O.css                [39m[1m[2m  0.51 kB[22m[1m[22m[2m │ gzip:   0.30 kB[22m
[2m../AppData/Local/Temp/chromatic--9964-cf7UOKDqy9rF/[22m[35massets/Button-B2efaGtC.css                [39m[1m[2m  0.52 kB[22m[1m[22m[2m │ gzip:   0.29 kB[22m
[2m../AppData/Local/Temp/chromatic--9964-cf7UOKDqy9rF/[22m[35massets/Page-CeeQJVdd.css                  [39m[1m[2m  0.91 kB[22m[1m[22m[2m │ gzip:   0.39 kB[22m
[2m../AppData/Local/Temp/chromatic--9964-cf7UOKDqy9rF/[22m[36massets/_commonjsHelpers-CqkleIqs.js       [39m[1m[2m  0.12 kB[22m[1m[22m[2m │ gzip:   0.13 kB[22m
[2m../AppData/Local/Temp/chromatic--9964-cf7UOKDqy9rF/[22m[36massets/index-CngjVY42.js                  [39m[1m[2m  0.53 kB[22m[1m[22m[2m │ gzip:   0.34 kB[22m
[2m../AppData/Local/Temp/chromatic--9964-cf7UOKDqy9rF/[22m[36massets/preload-helper-D9Z9MdNV.js         [39m[1m[2m  1.23 kB[22m[1m[22m[2m │ gzip:   0.72 kB[22m
[2m../AppData/Local/Temp/chromatic--9964-cf7UOKDqy9rF/[22m[36massets/Button.stories-Dwtq0xM1.js         [39m[1m[2m  1.29 kB[22m[1m[22m[2m │ gzip:   0.53 kB[22m
[2m../AppData/Local/Temp/chromatic--9964-cf7UOKDqy9rF/[22m[36massets/Button-DId-CPTo.js                 [39m[1m[2m  1.68 kB[22m[1m[22m[2m │ gzip:   0.93 kB[22m
[2m../AppData/Local/Temp/chromatic--9964-cf7UOKDqy9rF/[22m[36massets/Header.stories-BL1KQAvd.js         [39m[1m[2m  1.77 kB[22m[1m[22m[2m │ gzip:   0.90 kB[22m
[2m../AppData/Local/Temp/chromatic--9964-cf7UOKDqy9rF/[22m[36massets/Page.stories-RkS8MQw9.js           [39m[1m[2m  2.91 kB[22m[1m[22m[2m │ gzip:   1.27 kB[22m
[2m../AppData/Local/Temp/chromatic--9964-cf7UOKDqy9rF/[22m[36massets/Configure-DQkrbJ5_.js              [39m[1m[2m 25.69 kB[22m[1m[22m[2m │ gzip:  10.97 kB[22m
[2m../AppData/Local/Temp/chromatic--9964-cf7UOKDqy9rF/[22m[36mvite-inject-mocker-entry.js               [39m[1m[2m 28.76 kB[22m[1m[22m[2m │ gzip:  10.00 kB[22m
[2m../AppData/Local/Temp/chromatic--9964-cf7UOKDqy9rF/[22m[36massets/Color-AVL7NMMY-B9hQ6cVw.js         [39m[1m[2m 29.16 kB[22m[1m[22m[2m │ gzip:  11.02 kB[22m
[2m../AppData/Local/Temp/chromatic--9964-cf7UOKDqy9rF/[22m[36massets/matchers-7Z3WT2CE-CcSi9QFY.js      [39m[1m[2m 29.66 kB[22m[1m[22m[2m │ gzip:  10.29 kB[22m
[2m../AppData/Local/Temp/chromatic--9964-cf7UOKDqy9rF/[22m[36massets/DocsRenderer-PQXLIZUC-B8k7YUZi.js  [39m[1m[2m175.68 kB[22m[1m[22m[2m │ gzip:  55.81 kB[22m
[2m../AppData/Local/Temp/chromatic--9964-cf7UOKDqy9rF/[22m[36massets/axe-C59a3kt3.js                    [39m[1m[33m572.30 kB[39m[22m[2m │ gzip: 158.02 kB[22m
[2m../AppData/Local/Temp/chromatic--9964-cf7UOKDqy9rF/[22m[36massets/blocks-C4zWWqJj.js                 [39m[1m[33m669.29 kB[39m[22m[2m │ gzip: 220.66 kB[22m
[2m../AppData/Local/Temp/chromatic--9964-cf7UOKDqy9rF/[22m[36massets/iframe-xwWRYjEP.js                 [39m[1m[33m964.77 kB[39m[22m[2m │ gzip: 263.31 kB[22m
[32m✓ built in 13.07s[39m
info => Output directory: C:\Users\jmj01\AppData\Local\Temp\chromatic--9964-cf7UOKDqy9rF
